<?xml version="1.0" encoding="UTF-8"?>
<!-- Generated by org.testng.reporters.JUnitReportReporter -->
<testsuite skipped="0" hostname="DESKTOP-EHGV22Q" name="com.abc.MagentoMain.MagentoTest" tests="1" failures="0" timestamp="28 Jan 2020 06:47:59 GMT" time="53.728" errors="0">
  <testcase name="test" time="53.728" classname="com.abc.MagentoMain.MagentoTest"/>
</testsuite> <!-- com.abc.MagentoMain.MagentoTest -->
